This file contains any messages produced by compilers while
running configure, to aid debugging if configure makes a mistake.

It was created by openbt configure current-1-gc5c1c64, which was
generated by GNU Autoconf 2.69.  Invocation command line was

  $ ./configure --with-mpi

## --------- ##
## Platform. ##
## --------- ##

hostname = hrluo-ThinkPad
uname -m = x86_64
uname -r = 5.15.0-52-generic
uname -s = Linux
uname -v = #58-Ubuntu SMP Thu Oct 13 08:03:55 UTC 2022

/usr/bin/uname -p = x86_64
/bin/uname -X     = unknown

/bin/arch              = x86_64
/usr/bin/arch -k       = unknown
/usr/convex/getsysinfo = unknown
/usr/bin/hostinfo      = unknown
/bin/machine           = unknown
/usr/bin/oslevel       = unknown
/bin/universe          = unknown

PATH: /home/hrluo/anaconda3/bin
PATH: /home/hrluo/anaconda3/condabin
PATH: /home/hrluo/.local/bin
PATH: /usr/local/sbin
PATH: /usr/local/bin
PATH: /usr/sbin
PATH: /usr/bin
PATH: /sbin
PATH: /bin
PATH: /usr/games
PATH: /usr/local/games
PATH: /snap/bin
PATH: /snap/bin


## ----------- ##
## Core tests. ##
## ----------- ##

configure:2450: checking for a BSD-compatible install
configure:2518: result: /usr/bin/install -c
configure:2529: checking whether build environment is sane
configure:2584: result: yes
configure:2735: checking for a thread-safe mkdir -p
configure:2774: result: /usr/bin/mkdir -p
configure:2781: checking for gawk
configure:2811: result: no
configure:2781: checking for mawk
configure:2797: found /usr/bin/mawk
configure:2808: result: mawk
configure:2819: checking whether make sets $(MAKE)
configure:2841: result: yes
configure:2870: checking whether make supports nested variables
configure:2887: result: yes
configure:3014: Open Bayesian Trees Project
configure:3038: checking whether make supports the include directive
configure:3053: make -f confmf.GNU && cat confinc.out
this is the am__doit target
configure:3056: $? = 0
configure:3075: result: yes (GNU style)
configure:3109: checking for x86_64-conda-linux-gnu-mpic++
configure:3136: result: /home/hrluo/anaconda3/bin/x86_64-conda-linux-gnu-c++
configure:3318: checking for C++ compiler version
configure:3327: /home/hrluo/anaconda3/bin/x86_64-conda-linux-gnu-c++ --version >&5
x86_64-conda-linux-gnu-c++ (Anaconda gcc) 11.2.0
Copyright (C) 2021 Free Software Foundation, Inc.
This is free software; see the source for copying conditions.  There is NO
warranty; not even for MERCHANTABILITY or FITNESS FOR A PARTICULAR PURPOSE.

configure:3338: $? = 0
configure:3327: /home/hrluo/anaconda3/bin/x86_64-conda-linux-gnu-c++ -v >&5
Reading specs from /home/hrluo/anaconda3/bin/../lib/gcc/x86_64-conda-linux-gnu/11.2.0/specs
COLLECT_GCC=/home/hrluo/anaconda3/bin/x86_64-conda-linux-gnu-c++
COLLECT_LTO_WRAPPER=/home/hrluo/anaconda3/bin/../libexec/gcc/x86_64-conda-linux-gnu/11.2.0/lto-wrapper
Target: x86_64-conda-linux-gnu
Configured with: /opt/conda/conda-bld/gcc-compiler_1654084175708/work/gcc/configure --build=x86_64-build_conda-linux-gnu --host=x86_64-build_conda-linux-gnu --target=x86_64-conda-linux-gnu --prefix=/opt/conda/conda-bld/gcc-compiler_1654084175708/work/gcc_built --exec_prefix=/opt/conda/conda-bld/gcc-compiler_1654084175708/work/gcc_built --with-sysroot=/opt/conda/conda-bld/gcc-compiler_1654084175708/work/gcc_built/x86_64-conda-linux-gnu/sysroot --with-local-prefix=/opt/conda/conda-bld/gcc-compiler_1654084175708/work/gcc_built/x86_64-conda-linux-gnu/sysroot --enable-long-long --disable-multilib --disable-nls --with-gmp=/opt/conda/conda-bld/gcc-compiler_1654084175708/work/buildtools --with-mpfr=/opt/conda/conda-bld/gcc-compiler_1654084175708/work/buildtools --with-mpc=/opt/conda/conda-bld/gcc-compiler_1654084175708/work/buildtools --with-isl=/opt/conda/conda-bld/gcc-compiler_1654084175708/work/buildtools --without-zstd --enable-languages=c,c++,fortran,objc,obj-c++ --enable-__cxa_atexit --disable-libmudflap --enable-libgomp --enable-libquadmath --enable-libquadmath-support --enable-libsanitizer --disable-libstdcxx-verbose --enable-lto --enable-libcc1 --enable-threads=posix --enable-plugin --with-pkgversion='Anaconda gcc' --enable-libmpx
Thread model: posix
Supported LTO compression algorithms: zlib
gcc version 11.2.0 (Anaconda gcc) 
configure:3338: $? = 0
configure:3327: /home/hrluo/anaconda3/bin/x86_64-conda-linux-gnu-c++ -V >&5
x86_64-conda-linux-gnu-c++: error: unrecognized command-line option '-V'
x86_64-conda-linux-gnu-c++: fatal error: no input files
compilation terminated.
configure:3338: $? = 1
configure:3327: /home/hrluo/anaconda3/bin/x86_64-conda-linux-gnu-c++ -qversion >&5
x86_64-conda-linux-gnu-c++: error: unrecognized command-line option '-qversion'; did you mean '--version'?
x86_64-conda-linux-gnu-c++: fatal error: no input files
compilation terminated.
configure:3338: $? = 1
configure:3358: checking whether the C++ compiler works
configure:3380: /home/hrluo/anaconda3/bin/x86_64-conda-linux-gnu-c++ -fvisibility-inlines-hidden -std=c++17 -fmessage-length=0 -march=nocona -mtune=haswell -ftree-vectorize -fPIC -fstack-protector-strong -fno-plt -O2 -ffunction-sections -pipe -isystem /home/hrluo/anaconda3/include -DNDEBUG -D_FORTIFY_SOURCE=2 -O2 -isystem /home/hrluo/anaconda3/include -Wl,-O2 -Wl,--sort-common -Wl,--as-needed -Wl,-z,relro -Wl,-z,now -Wl,--disable-new-dtags -Wl,--gc-sections -Wl,-rpath,/home/hrluo/anaconda3/lib -Wl,-rpath-link,/home/hrluo/anaconda3/lib -L/home/hrluo/anaconda3/lib conftest.cpp  >&5
configure:3384: $? = 0
configure:3432: result: yes
configure:3435: checking for C++ compiler default output file name
configure:3437: result: a.out
configure:3443: checking for suffix of executables
configure:3450: /home/hrluo/anaconda3/bin/x86_64-conda-linux-gnu-c++ -o conftest -fvisibility-inlines-hidden -std=c++17 -fmessage-length=0 -march=nocona -mtune=haswell -ftree-vectorize -fPIC -fstack-protector-strong -fno-plt -O2 -ffunction-sections -pipe -isystem /home/hrluo/anaconda3/include -DNDEBUG -D_FORTIFY_SOURCE=2 -O2 -isystem /home/hrluo/anaconda3/include -Wl,-O2 -Wl,--sort-common -Wl,--as-needed -Wl,-z,relro -Wl,-z,now -Wl,--disable-new-dtags -Wl,--gc-sections -Wl,-rpath,/home/hrluo/anaconda3/lib -Wl,-rpath-link,/home/hrluo/anaconda3/lib -L/home/hrluo/anaconda3/lib conftest.cpp  >&5
configure:3454: $? = 0
configure:3476: result: 
configure:3498: checking whether we are cross compiling
configure:3506: /home/hrluo/anaconda3/bin/x86_64-conda-linux-gnu-c++ -o conftest -fvisibility-inlines-hidden -std=c++17 -fmessage-length=0 -march=nocona -mtune=haswell -ftree-vectorize -fPIC -fstack-protector-strong -fno-plt -O2 -ffunction-sections -pipe -isystem /home/hrluo/anaconda3/include -DNDEBUG -D_FORTIFY_SOURCE=2 -O2 -isystem /home/hrluo/anaconda3/include -Wl,-O2 -Wl,--sort-common -Wl,--as-needed -Wl,-z,relro -Wl,-z,now -Wl,--disable-new-dtags -Wl,--gc-sections -Wl,-rpath,/home/hrluo/anaconda3/lib -Wl,-rpath-link,/home/hrluo/anaconda3/lib -L/home/hrluo/anaconda3/lib conftest.cpp  >&5
configure:3510: $? = 0
configure:3517: ./conftest
configure:3521: $? = 0
configure:3536: result: no
configure:3541: checking for suffix of object files
configure:3563: /home/hrluo/anaconda3/bin/x86_64-conda-linux-gnu-c++ -c -fvisibility-inlines-hidden -std=c++17 -fmessage-length=0 -march=nocona -mtune=haswell -ftree-vectorize -fPIC -fstack-protector-strong -fno-plt -O2 -ffunction-sections -pipe -isystem /home/hrluo/anaconda3/include -DNDEBUG -D_FORTIFY_SOURCE=2 -O2 -isystem /home/hrluo/anaconda3/include conftest.cpp >&5
configure:3567: $? = 0
configure:3588: result: o
configure:3592: checking whether we are using the GNU C++ compiler
configure:3611: /home/hrluo/anaconda3/bin/x86_64-conda-linux-gnu-c++ -c -fvisibility-inlines-hidden -std=c++17 -fmessage-length=0 -march=nocona -mtune=haswell -ftree-vectorize -fPIC -fstack-protector-strong -fno-plt -O2 -ffunction-sections -pipe -isystem /home/hrluo/anaconda3/include -DNDEBUG -D_FORTIFY_SOURCE=2 -O2 -isystem /home/hrluo/anaconda3/include conftest.cpp >&5
configure:3611: $? = 0
configure:3620: result: yes
configure:3629: checking whether /home/hrluo/anaconda3/bin/x86_64-conda-linux-gnu-c++ accepts -g
configure:3649: /home/hrluo/anaconda3/bin/x86_64-conda-linux-gnu-c++ -c -g -DNDEBUG -D_FORTIFY_SOURCE=2 -O2 -isystem /home/hrluo/anaconda3/include conftest.cpp >&5
configure:3649: $? = 0
configure:3690: result: yes
configure:3715: checking dependency style of /home/hrluo/anaconda3/bin/x86_64-conda-linux-gnu-c++
configure:3826: result: gcc3
configure:3855: checking for x86_64-conda-linux-gnu-mpicc
configure:3882: result: /home/hrluo/anaconda3/bin/x86_64-conda-linux-gnu-cc
configure:3960: checking for x86_64-conda-linux-gnu-gcc
configure:3987: result: /home/hrluo/anaconda3/bin/x86_64-conda-linux-gnu-cc
configure:4256: checking for C compiler version
configure:4265: /home/hrluo/anaconda3/bin/x86_64-conda-linux-gnu-cc --version >&5
x86_64-conda-linux-gnu-cc (Anaconda gcc) 11.2.0
Copyright (C) 2021 Free Software Foundation, Inc.
This is free software; see the source for copying conditions.  There is NO
warranty; not even for MERCHANTABILITY or FITNESS FOR A PARTICULAR PURPOSE.

configure:4276: $? = 0
configure:4265: /home/hrluo/anaconda3/bin/x86_64-conda-linux-gnu-cc -v >&5
Reading specs from /home/hrluo/anaconda3/bin/../lib/gcc/x86_64-conda-linux-gnu/11.2.0/specs
COLLECT_GCC=/home/hrluo/anaconda3/bin/x86_64-conda-linux-gnu-cc
COLLECT_LTO_WRAPPER=/home/hrluo/anaconda3/bin/../libexec/gcc/x86_64-conda-linux-gnu/11.2.0/lto-wrapper
Target: x86_64-conda-linux-gnu
Configured with: /opt/conda/conda-bld/gcc-compiler_1654084175708/work/gcc/configure --build=x86_64-build_conda-linux-gnu --host=x86_64-build_conda-linux-gnu --target=x86_64-conda-linux-gnu --prefix=/opt/conda/conda-bld/gcc-compiler_1654084175708/work/gcc_built --exec_prefix=/opt/conda/conda-bld/gcc-compiler_1654084175708/work/gcc_built --with-sysroot=/opt/conda/conda-bld/gcc-compiler_1654084175708/work/gcc_built/x86_64-conda-linux-gnu/sysroot --with-local-prefix=/opt/conda/conda-bld/gcc-compiler_1654084175708/work/gcc_built/x86_64-conda-linux-gnu/sysroot --enable-long-long --disable-multilib --disable-nls --with-gmp=/opt/conda/conda-bld/gcc-compiler_1654084175708/work/buildtools --with-mpfr=/opt/conda/conda-bld/gcc-compiler_1654084175708/work/buildtools --with-mpc=/opt/conda/conda-bld/gcc-compiler_1654084175708/work/buildtools --with-isl=/opt/conda/conda-bld/gcc-compiler_1654084175708/work/buildtools --without-zstd --enable-languages=c,c++,fortran,objc,obj-c++ --enable-__cxa_atexit --disable-libmudflap --enable-libgomp --enable-libquadmath --enable-libquadmath-support --enable-libsanitizer --disable-libstdcxx-verbose --enable-lto --enable-libcc1 --enable-threads=posix --enable-plugin --with-pkgversion='Anaconda gcc' --enable-libmpx
Thread model: posix
Supported LTO compression algorithms: zlib
gcc version 11.2.0 (Anaconda gcc) 
configure:4276: $? = 0
configure:4265: /home/hrluo/anaconda3/bin/x86_64-conda-linux-gnu-cc -V >&5
x86_64-conda-linux-gnu-cc: error: unrecognized command-line option '-V'
x86_64-conda-linux-gnu-cc: fatal error: no input files
compilation terminated.
configure:4276: $? = 1
configure:4265: /home/hrluo/anaconda3/bin/x86_64-conda-linux-gnu-cc -qversion >&5
x86_64-conda-linux-gnu-cc: error: unrecognized command-line option '-qversion'; did you mean '--version'?
x86_64-conda-linux-gnu-cc: fatal error: no input files
compilation terminated.
configure:4276: $? = 1
configure:4280: checking whether we are using the GNU C compiler
configure:4299: /home/hrluo/anaconda3/bin/x86_64-conda-linux-gnu-cc -c -march=nocona -mtune=haswell -ftree-vectorize -fPIC -fstack-protector-strong -fno-plt -O2 -ffunction-sections -pipe -isystem /home/hrluo/anaconda3/include -DNDEBUG -D_FORTIFY_SOURCE=2 -O2 -isystem /home/hrluo/anaconda3/include conftest.c >&5
configure:4299: $? = 0
configure:4308: result: yes
configure:4317: checking whether /home/hrluo/anaconda3/bin/x86_64-conda-linux-gnu-cc accepts -g
configure:4337: /home/hrluo/anaconda3/bin/x86_64-conda-linux-gnu-cc -c -g -DNDEBUG -D_FORTIFY_SOURCE=2 -O2 -isystem /home/hrluo/anaconda3/include conftest.c >&5
configure:4337: $? = 0
configure:4378: result: yes
configure:4395: checking for /home/hrluo/anaconda3/bin/x86_64-conda-linux-gnu-cc option to accept ISO C89
configure:4458: /home/hrluo/anaconda3/bin/x86_64-conda-linux-gnu-cc  -c -march=nocona -mtune=haswell -ftree-vectorize -fPIC -fstack-protector-strong -fno-plt -O2 -ffunction-sections -pipe -isystem /home/hrluo/anaconda3/include -DNDEBUG -D_FORTIFY_SOURCE=2 -O2 -isystem /home/hrluo/anaconda3/include conftest.c >&5
configure:4458: $? = 0
configure:4471: result: none needed
configure:4496: checking whether /home/hrluo/anaconda3/bin/x86_64-conda-linux-gnu-cc understands -c and -o together
configure:4518: /home/hrluo/anaconda3/bin/x86_64-conda-linux-gnu-cc -c conftest.c -o conftest2.o
configure:4521: $? = 0
configure:4518: /home/hrluo/anaconda3/bin/x86_64-conda-linux-gnu-cc -c conftest.c -o conftest2.o
configure:4521: $? = 0
configure:4533: result: yes
configure:4552: checking dependency style of /home/hrluo/anaconda3/bin/x86_64-conda-linux-gnu-cc
configure:4663: result: gcc3
configure:4708: checking for function MPI_Init
configure:4729: /home/hrluo/anaconda3/bin/x86_64-conda-linux-gnu-c++ -o conftest -fvisibility-inlines-hidden -std=c++17 -fmessage-length=0 -march=nocona -mtune=haswell -ftree-vectorize -fPIC -fstack-protector-strong -fno-plt -O2 -ffunction-sections -pipe -isystem /home/hrluo/anaconda3/include -DNDEBUG -D_FORTIFY_SOURCE=2 -O2 -isystem /home/hrluo/anaconda3/include -Wl,-O2 -Wl,--sort-common -Wl,--as-needed -Wl,-z,relro -Wl,-z,now -Wl,--disable-new-dtags -Wl,--gc-sections -Wl,-rpath,/home/hrluo/anaconda3/lib -Wl,-rpath-link,/home/hrluo/anaconda3/lib -L/home/hrluo/anaconda3/lib conftest.cpp  >&5
/home/hrluo/anaconda3/bin/../lib/gcc/x86_64-conda-linux-gnu/11.2.0/../../../../x86_64-conda-linux-gnu/bin/ld: /tmp/ccL7LqQY.o: in function `main':
conftest.cpp:(.text.startup.main+0x6): undefined reference to `MPI_Init'
collect2: error: ld returned 1 exit status
configure:4729: $? = 1
configure: failed program was:
| /* confdefs.h */
| #define PACKAGE_NAME "openbt"
| #define PACKAGE_TARNAME "openbt"
| #define PACKAGE_VERSION "current-1-gc5c1c64"
| #define PACKAGE_STRING "openbt current-1-gc5c1c64"
| #define PACKAGE_BUGREPORT "mpratola@gmail.com"
| #define PACKAGE_URL ""
| #define PACKAGE "openbt"
| #define VERSION "current-1-gc5c1c64"
| /* end confdefs.h.  */
| 
| 
| extern "C" { void MPI_Init(); }
| 
| int
| main ()
| {
| MPI_Init();
|   ;
|   return 0;
| }
configure:4736: result: no
configure:4711: checking for function MPI_Init in -lmpi
configure:4729: /home/hrluo/anaconda3/bin/x86_64-conda-linux-gnu-c++ -o conftest -fvisibility-inlines-hidden -std=c++17 -fmessage-length=0 -march=nocona -mtune=haswell -ftree-vectorize -fPIC -fstack-protector-strong -fno-plt -O2 -ffunction-sections -pipe -isystem /home/hrluo/anaconda3/include -DNDEBUG -D_FORTIFY_SOURCE=2 -O2 -isystem /home/hrluo/anaconda3/include -Wl,-O2 -Wl,--sort-common -Wl,--as-needed -Wl,-z,relro -Wl,-z,now -Wl,--disable-new-dtags -Wl,--gc-sections -Wl,-rpath,/home/hrluo/anaconda3/lib -Wl,-rpath-link,/home/hrluo/anaconda3/lib -L/home/hrluo/anaconda3/lib conftest.cpp -lmpi  >&5
configure:4729: $? = 0
configure:4736: result: yes
configure:4747: checking for mpi.h
configure:4760: /home/hrluo/anaconda3/bin/x86_64-conda-linux-gnu-c++ -c -fvisibility-inlines-hidden -std=c++17 -fmessage-length=0 -march=nocona -mtune=haswell -ftree-vectorize -fPIC -fstack-protector-strong -fno-plt -O2 -ffunction-sections -pipe -isystem /home/hrluo/anaconda3/include -DNDEBUG -D_FORTIFY_SOURCE=2 -O2 -isystem /home/hrluo/anaconda3/include conftest.cpp >&5
configure:4760: $? = 0
configure:4761: result: yes
configure:4822: checking for function MPI_Init
configure:4847: /home/hrluo/anaconda3/bin/x86_64-conda-linux-gnu-cc -o conftest -march=nocona -mtune=haswell -ftree-vectorize -fPIC -fstack-protector-strong -fno-plt -O2 -ffunction-sections -pipe -isystem /home/hrluo/anaconda3/include -DNDEBUG -D_FORTIFY_SOURCE=2 -O2 -isystem /home/hrluo/anaconda3/include -Wl,-O2 -Wl,--sort-common -Wl,--as-needed -Wl,-z,relro -Wl,-z,now -Wl,--disable-new-dtags -Wl,--gc-sections -Wl,-rpath,/home/hrluo/anaconda3/lib -Wl,-rpath-link,/home/hrluo/anaconda3/lib -L/home/hrluo/anaconda3/lib conftest.c -lmpi  >&5
configure:4847: $? = 0
configure:4854: result: yes
configure:4865: checking for mpi.h
configure:4878: /home/hrluo/anaconda3/bin/x86_64-conda-linux-gnu-cc -c -march=nocona -mtune=haswell -ftree-vectorize -fPIC -fstack-protector-strong -fno-plt -O2 -ffunction-sections -pipe -isystem /home/hrluo/anaconda3/include -DNDEBUG -D_FORTIFY_SOURCE=2 -O2 -isystem /home/hrluo/anaconda3/include conftest.c >&5
configure:4878: $? = 0
configure:4879: result: yes
configure:6052: checking for gawk
configure:6079: result: mawk
configure:6095: checking how to run the C preprocessor
configure:6165: result: /home/hrluo/anaconda3/bin/x86_64-conda-linux-gnu-cpp
configure:6185: /home/hrluo/anaconda3/bin/x86_64-conda-linux-gnu-cpp -DNDEBUG -D_FORTIFY_SOURCE=2 -O2 -isystem /home/hrluo/anaconda3/include conftest.c
configure:6185: $? = 0
configure:6199: /home/hrluo/anaconda3/bin/x86_64-conda-linux-gnu-cpp -DNDEBUG -D_FORTIFY_SOURCE=2 -O2 -isystem /home/hrluo/anaconda3/include conftest.c
conftest.c:13:10: fatal error: ac_nonexistent.h: No such file or directory
   13 | #include <ac_nonexistent.h>
      |          ^~~~~~~~~~~~~~~~~~
compilation terminated.
configure:6199: $? = 1
configure: failed program was:
| /* confdefs.h */
| #define PACKAGE_NAME "openbt"
| #define PACKAGE_TARNAME "openbt"
| #define PACKAGE_VERSION "current-1-gc5c1c64"
| #define PACKAGE_STRING "openbt current-1-gc5c1c64"
| #define PACKAGE_BUGREPORT "mpratola@gmail.com"
| #define PACKAGE_URL ""
| #define PACKAGE "openbt"
| #define VERSION "current-1-gc5c1c64"
| #define HAVE_MPI 1
| #define HAVE_MPI 1
| /* end confdefs.h.  */
| #include <ac_nonexistent.h>
configure:6228: checking whether ln -s works
configure:6232: result: yes
configure:6239: checking whether make sets $(MAKE)
configure:6261: result: yes
configure:6309: checking build system type
configure:6323: result: x86_64-conda-linux-gnu
configure:6343: checking host system type
configure:6356: result: x86_64-conda-linux-gnu
configure:6397: checking how to print strings
configure:6424: result: printf
configure:6445: checking for a sed that does not truncate output
configure:6509: result: /usr/bin/sed
configure:6527: checking for grep that handles long lines and -e
configure:6585: result: /usr/bin/grep
configure:6590: checking for egrep
configure:6652: result: /usr/bin/grep -E
configure:6657: checking for fgrep
configure:6719: result: /usr/bin/grep -F
configure:6754: checking for ld used by /home/hrluo/anaconda3/bin/x86_64-conda-linux-gnu-cc
configure:6821: result: /home/hrluo/anaconda3/bin/x86_64-conda-linux-gnu-ld
configure:6828: checking if the linker (/home/hrluo/anaconda3/bin/x86_64-conda-linux-gnu-ld) is GNU ld
configure:6843: result: yes
configure:6855: checking for BSD- or MS-compatible name lister (nm)
configure:6909: result: /home/hrluo/anaconda3/bin/x86_64-conda-linux-gnu-nm
configure:7039: checking the name lister (/home/hrluo/anaconda3/bin/x86_64-conda-linux-gnu-nm) interface
configure:7046: /home/hrluo/anaconda3/bin/x86_64-conda-linux-gnu-c++ -c -fvisibility-inlines-hidden -std=c++17 -fmessage-length=0 -march=nocona -mtune=haswell -ftree-vectorize -fPIC -fstack-protector-strong -fno-plt -O2 -ffunction-sections -pipe -isystem /home/hrluo/anaconda3/include -DNDEBUG -D_FORTIFY_SOURCE=2 -O2 -isystem /home/hrluo/anaconda3/include conftest.cpp >&5
configure:7049: /home/hrluo/anaconda3/bin/x86_64-conda-linux-gnu-nm "conftest.o"
configure:7052: output
0000000000000000 B some_variable
configure:7059: result: BSD nm
configure:7063: checking the maximum length of command line arguments
configure:7194: result: 1572864
configure:7242: checking how to convert x86_64-conda-linux-gnu file names to x86_64-conda-linux-gnu format
configure:7282: result: func_convert_file_noop
configure:7289: checking how to convert x86_64-conda-linux-gnu file names to toolchain format
configure:7309: result: func_convert_file_noop
configure:7316: checking for /home/hrluo/anaconda3/bin/x86_64-conda-linux-gnu-ld option to reload object files
configure:7323: result: -r
configure:7357: checking for x86_64-conda-linux-gnu-objdump
configure:7384: result: /home/hrluo/anaconda3/bin/x86_64-conda-linux-gnu-objdump
configure:7456: checking how to recognize dependent libraries
configure:7656: result: pass_all
configure:7701: checking for x86_64-conda-linux-gnu-dlltool
configure:7731: result: no
configure:7741: checking for dlltool
configure:7771: result: no
configure:7801: checking how to associate runtime and link libraries
configure:7828: result: printf %s\n
configure:7844: checking for x86_64-conda-linux-gnu-ar
configure:7871: result: /home/hrluo/anaconda3/bin/x86_64-conda-linux-gnu-ar
configure:7952: checking for archiver @FILE support
configure:7969: /home/hrluo/anaconda3/bin/x86_64-conda-linux-gnu-c++ -c -fvisibility-inlines-hidden -std=c++17 -fmessage-length=0 -march=nocona -mtune=haswell -ftree-vectorize -fPIC -fstack-protector-strong -fno-plt -O2 -ffunction-sections -pipe -isystem /home/hrluo/anaconda3/include -DNDEBUG -D_FORTIFY_SOURCE=2 -O2 -isystem /home/hrluo/anaconda3/include conftest.cpp >&5
configure:7969: $? = 0
configure:7972: /home/hrluo/anaconda3/bin/x86_64-conda-linux-gnu-ar cr libconftest.a @conftest.lst >&5
configure:7975: $? = 0
configure:7980: /home/hrluo/anaconda3/bin/x86_64-conda-linux-gnu-ar cr libconftest.a @conftest.lst >&5
/home/hrluo/anaconda3/bin/x86_64-conda-linux-gnu-ar: conftest.o: No such file or directory
configure:7983: $? = 1
configure:7995: result: @
configure:8013: checking for x86_64-conda-linux-gnu-strip
configure:8040: result: /home/hrluo/anaconda3/bin/x86_64-conda-linux-gnu-strip
configure:8112: checking for x86_64-conda-linux-gnu-ranlib
configure:8139: result: /home/hrluo/anaconda3/bin/x86_64-conda-linux-gnu-ranlib
configure:8281: checking command to parse /home/hrluo/anaconda3/bin/x86_64-conda-linux-gnu-nm output from /home/hrluo/anaconda3/bin/x86_64-conda-linux-gnu-cc object
configure:8434: /home/hrluo/anaconda3/bin/x86_64-conda-linux-gnu-c++ -c -fvisibility-inlines-hidden -std=c++17 -fmessage-length=0 -march=nocona -mtune=haswell -ftree-vectorize -fPIC -fstack-protector-strong -fno-plt -O2 -ffunction-sections -pipe -isystem /home/hrluo/anaconda3/include -DNDEBUG -D_FORTIFY_SOURCE=2 -O2 -isystem /home/hrluo/anaconda3/include conftest.cpp >&5
configure:8437: $? = 0
configure:8441: /home/hrluo/anaconda3/bin/x86_64-conda-linux-gnu-nm conftest.o | sed -n -e 's/^.*[	 ]\([ABCDGIRSTW][ABCDGIRSTW]*\)[	 ][	 ]*\([_A-Za-z][_A-Za-z0-9]*\)$/\1 \2 \2/p' | sed '/ __gnu_lto/d' > conftest.nm
configure:8507: /home/hrluo/anaconda3/bin/x86_64-conda-linux-gnu-c++ -o conftest -fvisibility-inlines-hidden -std=c++17 -fmessage-length=0 -march=nocona -mtune=haswell -ftree-vectorize -fPIC -fstack-protector-strong -fno-plt -O2 -ffunction-sections -pipe -isystem /home/hrluo/anaconda3/include -DNDEBUG -D_FORTIFY_SOURCE=2 -O2 -isystem /home/hrluo/anaconda3/include -Wl,-O2 -Wl,--sort-common -Wl,--as-needed -Wl,-z,relro -Wl,-z,now -Wl,--disable-new-dtags -Wl,--gc-sections -Wl,-rpath,/home/hrluo/anaconda3/lib -Wl,-rpath-link,/home/hrluo/anaconda3/lib -L/home/hrluo/anaconda3/lib conftest.cpp conftstm.o >&5
configure:8510: $? = 0
configure:8548: result: ok
configure:8595: checking for sysroot
configure:8625: result: no
configure:8632: checking for a working dd
configure:8670: result: /usr/bin/dd
configure:8674: checking how to truncate binary pipes
configure:8689: result: /usr/bin/dd bs=4096 count=1
configure:8825: /home/hrluo/anaconda3/bin/x86_64-conda-linux-gnu-c++ -c -fvisibility-inlines-hidden -std=c++17 -fmessage-length=0 -march=nocona -mtune=haswell -ftree-vectorize -fPIC -fstack-protector-strong -fno-plt -O2 -ffunction-sections -pipe -isystem /home/hrluo/anaconda3/include -DNDEBUG -D_FORTIFY_SOURCE=2 -O2 -isystem /home/hrluo/anaconda3/include conftest.cpp >&5
configure:8828: $? = 0
configure:8978: checking for x86_64-conda-linux-gnu-mt
configure:9008: result: no
configure:9018: checking for mt
configure:9034: found /usr/bin/mt
configure:9045: result: mt
configure:9068: checking if mt is a manifest tool
configure:9074: mt '-?'
configure:9082: result: no
configure:9755: checking for ANSI C header files
configure:9775: /home/hrluo/anaconda3/bin/x86_64-conda-linux-gnu-c++ -c -fvisibility-inlines-hidden -std=c++17 -fmessage-length=0 -march=nocona -mtune=haswell -ftree-vectorize -fPIC -fstack-protector-strong -fno-plt -O2 -ffunction-sections -pipe -isystem /home/hrluo/anaconda3/include -DNDEBUG -D_FORTIFY_SOURCE=2 -O2 -isystem /home/hrluo/anaconda3/include conftest.cpp >&5
configure:9775: $? = 0
./configure: line 9789: -DNDEBUG: command not found
configure:9859: result: no
configure:9872: checking for sys/types.h
configure:9872: /home/hrluo/anaconda3/bin/x86_64-conda-linux-gnu-c++ -c -fvisibility-inlines-hidden -std=c++17 -fmessage-length=0 -march=nocona -mtune=haswell -ftree-vectorize -fPIC -fstack-protector-strong -fno-plt -O2 -ffunction-sections -pipe -isystem /home/hrluo/anaconda3/include -DNDEBUG -D_FORTIFY_SOURCE=2 -O2 -isystem /home/hrluo/anaconda3/include conftest.cpp >&5
configure:9872: $? = 0
configure:9872: result: yes
configure:9872: checking for sys/stat.h
configure:9872: /home/hrluo/anaconda3/bin/x86_64-conda-linux-gnu-c++ -c -fvisibility-inlines-hidden -std=c++17 -fmessage-length=0 -march=nocona -mtune=haswell -ftree-vectorize -fPIC -fstack-protector-strong -fno-plt -O2 -ffunction-sections -pipe -isystem /home/hrluo/anaconda3/include -DNDEBUG -D_FORTIFY_SOURCE=2 -O2 -isystem /home/hrluo/anaconda3/include conftest.cpp >&5
configure:9872: $? = 0
configure:9872: result: yes
configure:9872: checking for stdlib.h
configure:9872: /home/hrluo/anaconda3/bin/x86_64-conda-linux-gnu-c++ -c -fvisibility-inlines-hidden -std=c++17 -fmessage-length=0 -march=nocona -mtune=haswell -ftree-vectorize -fPIC -fstack-protector-strong -fno-plt -O2 -ffunction-sections -pipe -isystem /home/hrluo/anaconda3/include -DNDEBUG -D_FORTIFY_SOURCE=2 -O2 -isystem /home/hrluo/anaconda3/include conftest.cpp >&5
configure:9872: $? = 0
configure:9872: result: yes
configure:9872: checking for string.h
configure:9872: /home/hrluo/anaconda3/bin/x86_64-conda-linux-gnu-c++ -c -fvisibility-inlines-hidden -std=c++17 -fmessage-length=0 -march=nocona -mtune=haswell -ftree-vectorize -fPIC -fstack-protector-strong -fno-plt -O2 -ffunction-sections -pipe -isystem /home/hrluo/anaconda3/include -DNDEBUG -D_FORTIFY_SOURCE=2 -O2 -isystem /home/hrluo/anaconda3/include conftest.cpp >&5
configure:9872: $? = 0
configure:9872: result: yes
configure:9872: checking for memory.h
configure:9872: /home/hrluo/anaconda3/bin/x86_64-conda-linux-gnu-c++ -c -fvisibility-inlines-hidden -std=c++17 -fmessage-length=0 -march=nocona -mtune=haswell -ftree-vectorize -fPIC -fstack-protector-strong -fno-plt -O2 -ffunction-sections -pipe -isystem /home/hrluo/anaconda3/include -DNDEBUG -D_FORTIFY_SOURCE=2 -O2 -isystem /home/hrluo/anaconda3/include conftest.cpp >&5
configure:9872: $? = 0
configure:9872: result: yes
configure:9872: checking for strings.h
configure:9872: /home/hrluo/anaconda3/bin/x86_64-conda-linux-gnu-c++ -c -fvisibility-inlines-hidden -std=c++17 -fmessage-length=0 -march=nocona -mtune=haswell -ftree-vectorize -fPIC -fstack-protector-strong -fno-plt -O2 -ffunction-sections -pipe -isystem /home/hrluo/anaconda3/include -DNDEBUG -D_FORTIFY_SOURCE=2 -O2 -isystem /home/hrluo/anaconda3/include conftest.cpp >&5
configure:9872: $? = 0
configure:9872: result: yes
configure:9872: checking for inttypes.h
configure:9872: /home/hrluo/anaconda3/bin/x86_64-conda-linux-gnu-c++ -c -fvisibility-inlines-hidden -std=c++17 -fmessage-length=0 -march=nocona -mtune=haswell -ftree-vectorize -fPIC -fstack-protector-strong -fno-plt -O2 -ffunction-sections -pipe -isystem /home/hrluo/anaconda3/include -DNDEBUG -D_FORTIFY_SOURCE=2 -O2 -isystem /home/hrluo/anaconda3/include conftest.cpp >&5
configure:9872: $? = 0
configure:9872: result: yes
configure:9872: checking for stdint.h
configure:9872: /home/hrluo/anaconda3/bin/x86_64-conda-linux-gnu-c++ -c -fvisibility-inlines-hidden -std=c++17 -fmessage-length=0 -march=nocona -mtune=haswell -ftree-vectorize -fPIC -fstack-protector-strong -fno-plt -O2 -ffunction-sections -pipe -isystem /home/hrluo/anaconda3/include -DNDEBUG -D_FORTIFY_SOURCE=2 -O2 -isystem /home/hrluo/anaconda3/include conftest.cpp >&5
configure:9872: $? = 0
configure:9872: result: yes
configure:9872: checking for unistd.h
configure:9872: /home/hrluo/anaconda3/bin/x86_64-conda-linux-gnu-c++ -c -fvisibility-inlines-hidden -std=c++17 -fmessage-length=0 -march=nocona -mtune=haswell -ftree-vectorize -fPIC -fstack-protector-strong -fno-plt -O2 -ffunction-sections -pipe -isystem /home/hrluo/anaconda3/include -DNDEBUG -D_FORTIFY_SOURCE=2 -O2 -isystem /home/hrluo/anaconda3/include conftest.cpp >&5
configure:9872: $? = 0
configure:9872: result: yes
configure:9886: checking for dlfcn.h
configure:9886: /home/hrluo/anaconda3/bin/x86_64-conda-linux-gnu-c++ -c -fvisibility-inlines-hidden -std=c++17 -fmessage-length=0 -march=nocona -mtune=haswell -ftree-vectorize -fPIC -fstack-protector-strong -fno-plt -O2 -ffunction-sections -pipe -isystem /home/hrluo/anaconda3/include -DNDEBUG -D_FORTIFY_SOURCE=2 -O2 -isystem /home/hrluo/anaconda3/include conftest.cpp >&5
configure:9886: $? = 0
configure:9886: result: yes
configure:10152: checking for objdir
configure:10167: result: .libs
configure:10431: checking if /home/hrluo/anaconda3/bin/x86_64-conda-linux-gnu-cc supports -fno-rtti -fno-exceptions
configure:10449: /home/hrluo/anaconda3/bin/x86_64-conda-linux-gnu-cc -c -march=nocona -mtune=haswell -ftree-vectorize -fPIC -fstack-protector-strong -fno-plt -O2 -ffunction-sections -pipe -isystem /home/hrluo/anaconda3/include -DNDEBUG -D_FORTIFY_SOURCE=2 -O2 -isystem /home/hrluo/anaconda3/include -fno-rtti -fno-exceptions conftest.c >&5
cc1: warning: command-line option '-fno-rtti' is valid for C++/D/ObjC++ but not for C
configure:10453: $? = 0
configure:10466: result: no
configure:10830: checking for /home/hrluo/anaconda3/bin/x86_64-conda-linux-gnu-cc option to produce PIC
configure:10837: result: -fPIC -DPIC
configure:10845: checking if /home/hrluo/anaconda3/bin/x86_64-conda-linux-gnu-cc PIC flag -fPIC -DPIC works
configure:10863: /home/hrluo/anaconda3/bin/x86_64-conda-linux-gnu-cc -c -march=nocona -mtune=haswell -ftree-vectorize -fPIC -fstack-protector-strong -fno-plt -O2 -ffunction-sections -pipe -isystem /home/hrluo/anaconda3/include -DNDEBUG -D_FORTIFY_SOURCE=2 -O2 -isystem /home/hrluo/anaconda3/include -fPIC -DPIC -DPIC conftest.c >&5
configure:10867: $? = 0
configure:10880: result: yes
configure:10909: checking if /home/hrluo/anaconda3/bin/x86_64-conda-linux-gnu-cc static flag -static works
configure:10937: result: no
configure:10952: checking if /home/hrluo/anaconda3/bin/x86_64-conda-linux-gnu-cc supports -c -o file.o
configure:10973: /home/hrluo/anaconda3/bin/x86_64-conda-linux-gnu-cc -c -march=nocona -mtune=haswell -ftree-vectorize -fPIC -fstack-protector-strong -fno-plt -O2 -ffunction-sections -pipe -isystem /home/hrluo/anaconda3/include -DNDEBUG -D_FORTIFY_SOURCE=2 -O2 -isystem /home/hrluo/anaconda3/include -o out/conftest2.o conftest.c >&5
configure:10977: $? = 0
configure:10999: result: yes
configure:11007: checking if /home/hrluo/anaconda3/bin/x86_64-conda-linux-gnu-cc supports -c -o file.o
configure:11054: result: yes
configure:11087: checking whether the /home/hrluo/anaconda3/bin/x86_64-conda-linux-gnu-cc linker (/home/hrluo/anaconda3/bin/x86_64-conda-linux-gnu-ld -m elf_x86_64) supports shared libraries
configure:12350: result: yes
configure:12387: checking whether -lc should be explicitly linked in
configure:12395: /home/hrluo/anaconda3/bin/x86_64-conda-linux-gnu-cc -c -march=nocona -mtune=haswell -ftree-vectorize -fPIC -fstack-protector-strong -fno-plt -O2 -ffunction-sections -pipe -isystem /home/hrluo/anaconda3/include -DNDEBUG -D_FORTIFY_SOURCE=2 -O2 -isystem /home/hrluo/anaconda3/include conftest.c >&5
configure:12398: $? = 0
configure:12413: /home/hrluo/anaconda3/bin/x86_64-conda-linux-gnu-cc -shared  -fPIC -DPIC conftest.o  -v -Wl,-soname -Wl,conftest -o conftest 2\>\&1 \| /usr/bin/grep  -lc  \>/dev/null 2\>\&1
configure:12416: $? = 0
configure:12430: result: no
configure:12590: checking dynamic linker characteristics
configure:13171: /home/hrluo/anaconda3/bin/x86_64-conda-linux-gnu-cc -o conftest -march=nocona -mtune=haswell -ftree-vectorize -fPIC -fstack-protector-strong -fno-plt -O2 -ffunction-sections -pipe -isystem /home/hrluo/anaconda3/include -DNDEBUG -D_FORTIFY_SOURCE=2 -O2 -isystem /home/hrluo/anaconda3/include -Wl,-O2 -Wl,--sort-common -Wl,--as-needed -Wl,-z,relro -Wl,-z,now -Wl,--disable-new-dtags -Wl,--gc-sections -Wl,-rpath,/home/hrluo/anaconda3/lib -Wl,-rpath-link,/home/hrluo/anaconda3/lib -L/home/hrluo/anaconda3/lib -Wl,-rpath -Wl,/foo conftest.c -lmpi  >&5
configure:13171: $? = 0
configure:13420: result: GNU/Linux ld.so
configure:13542: checking how to hardcode library paths into programs
configure:13567: result: immediate
configure:14115: checking whether stripping libraries is possible
configure:14120: result: yes
configure:14155: checking if libtool supports shared libraries
configure:14157: result: yes
configure:14160: checking whether to build shared libraries
configure:14185: result: yes
configure:14188: checking whether to build static libraries
configure:14192: result: yes
configure:14215: checking how to run the C++ preprocessor
configure:14242: /home/hrluo/anaconda3/bin/x86_64-conda-linux-gnu-c++ -E -DNDEBUG -D_FORTIFY_SOURCE=2 -O2 -isystem /home/hrluo/anaconda3/include conftest.cpp
configure:14242: $? = 0
configure:14256: /home/hrluo/anaconda3/bin/x86_64-conda-linux-gnu-c++ -E -DNDEBUG -D_FORTIFY_SOURCE=2 -O2 -isystem /home/hrluo/anaconda3/include conftest.cpp
conftest.cpp:24:10: fatal error: ac_nonexistent.h: No such file or directory
   24 | #include <ac_nonexistent.h>
      |          ^~~~~~~~~~~~~~~~~~
compilation terminated.
configure:14256: $? = 1
configure: failed program was:
| /* confdefs.h */
| #define PACKAGE_NAME "openbt"
| #define PACKAGE_TARNAME "openbt"
| #define PACKAGE_VERSION "current-1-gc5c1c64"
| #define PACKAGE_STRING "openbt current-1-gc5c1c64"
| #define PACKAGE_BUGREPORT "mpratola@gmail.com"
| #define PACKAGE_URL ""
| #define PACKAGE "openbt"
| #define VERSION "current-1-gc5c1c64"
| #define HAVE_MPI 1
| #define HAVE_MPI 1
| #define HAVE_SYS_TYPES_H 1
| #define HAVE_SYS_STAT_H 1
| #define HAVE_STDLIB_H 1
| #define HAVE_STRING_H 1
| #define HAVE_MEMORY_H 1
| #define HAVE_STRINGS_H 1
| #define HAVE_INTTYPES_H 1
| #define HAVE_STDINT_H 1
| #define HAVE_UNISTD_H 1
| #define HAVE_DLFCN_H 1
| #define LT_OBJDIR ".libs/"
| /* end confdefs.h.  */
| #include <ac_nonexistent.h>
configure:14281: result: /home/hrluo/anaconda3/bin/x86_64-conda-linux-gnu-c++ -E
configure:14301: /home/hrluo/anaconda3/bin/x86_64-conda-linux-gnu-c++ -E -DNDEBUG -D_FORTIFY_SOURCE=2 -O2 -isystem /home/hrluo/anaconda3/include conftest.cpp
configure:14301: $? = 0
configure:14315: /home/hrluo/anaconda3/bin/x86_64-conda-linux-gnu-c++ -E -DNDEBUG -D_FORTIFY_SOURCE=2 -O2 -isystem /home/hrluo/anaconda3/include conftest.cpp
conftest.cpp:24:10: fatal error: ac_nonexistent.h: No such file or directory
   24 | #include <ac_nonexistent.h>
      |          ^~~~~~~~~~~~~~~~~~
compilation terminated.
configure:14315: $? = 1
configure: failed program was:
| /* confdefs.h */
| #define PACKAGE_NAME "openbt"
| #define PACKAGE_TARNAME "openbt"
| #define PACKAGE_VERSION "current-1-gc5c1c64"
| #define PACKAGE_STRING "openbt current-1-gc5c1c64"
| #define PACKAGE_BUGREPORT "mpratola@gmail.com"
| #define PACKAGE_URL ""
| #define PACKAGE "openbt"
| #define VERSION "current-1-gc5c1c64"
| #define HAVE_MPI 1
| #define HAVE_MPI 1
| #define HAVE_SYS_TYPES_H 1
| #define HAVE_SYS_STAT_H 1
| #define HAVE_STDLIB_H 1
| #define HAVE_STRING_H 1
| #define HAVE_MEMORY_H 1
| #define HAVE_STRINGS_H 1
| #define HAVE_INTTYPES_H 1
| #define HAVE_STDINT_H 1
| #define HAVE_UNISTD_H 1
| #define HAVE_DLFCN_H 1
| #define LT_OBJDIR ".libs/"
| /* end confdefs.h.  */
| #include <ac_nonexistent.h>
configure:14477: checking for ld used by /home/hrluo/anaconda3/bin/x86_64-conda-linux-gnu-c++
configure:14544: result: /home/hrluo/anaconda3/bin/x86_64-conda-linux-gnu-ld -m elf_x86_64
configure:14551: checking if the linker (/home/hrluo/anaconda3/bin/x86_64-conda-linux-gnu-ld -m elf_x86_64) is GNU ld
configure:14566: result: yes
configure:14621: checking whether the /home/hrluo/anaconda3/bin/x86_64-conda-linux-gnu-c++ linker (/home/hrluo/anaconda3/bin/x86_64-conda-linux-gnu-ld -m elf_x86_64) supports shared libraries
configure:15694: result: yes
configure:15730: /home/hrluo/anaconda3/bin/x86_64-conda-linux-gnu-c++ -c -fvisibility-inlines-hidden -std=c++17 -fmessage-length=0 -march=nocona -mtune=haswell -ftree-vectorize -fPIC -fstack-protector-strong -fno-plt -O2 -ffunction-sections -pipe -isystem /home/hrluo/anaconda3/include -DNDEBUG -D_FORTIFY_SOURCE=2 -O2 -isystem /home/hrluo/anaconda3/include conftest.cpp >&5
configure:15733: $? = 0
configure:16214: checking for /home/hrluo/anaconda3/bin/x86_64-conda-linux-gnu-c++ option to produce PIC
configure:16221: result: -fPIC -DPIC
configure:16229: checking if /home/hrluo/anaconda3/bin/x86_64-conda-linux-gnu-c++ PIC flag -fPIC -DPIC works
configure:16247: /home/hrluo/anaconda3/bin/x86_64-conda-linux-gnu-c++ -c -fvisibility-inlines-hidden -std=c++17 -fmessage-length=0 -march=nocona -mtune=haswell -ftree-vectorize -fPIC -fstack-protector-strong -fno-plt -O2 -ffunction-sections -pipe -isystem /home/hrluo/anaconda3/include -DNDEBUG -D_FORTIFY_SOURCE=2 -O2 -isystem /home/hrluo/anaconda3/include -fPIC -DPIC -DPIC conftest.cpp >&5
configure:16251: $? = 0
configure:16264: result: yes
configure:16287: checking if /home/hrluo/anaconda3/bin/x86_64-conda-linux-gnu-c++ static flag -static works
configure:16315: result: no
configure:16327: checking if /home/hrluo/anaconda3/bin/x86_64-conda-linux-gnu-c++ supports -c -o file.o
configure:16348: /home/hrluo/anaconda3/bin/x86_64-conda-linux-gnu-c++ -c -fvisibility-inlines-hidden -std=c++17 -fmessage-length=0 -march=nocona -mtune=haswell -ftree-vectorize -fPIC -fstack-protector-strong -fno-plt -O2 -ffunction-sections -pipe -isystem /home/hrluo/anaconda3/include -DNDEBUG -D_FORTIFY_SOURCE=2 -O2 -isystem /home/hrluo/anaconda3/include -o out/conftest2.o conftest.cpp >&5
configure:16352: $? = 0
configure:16374: result: yes
configure:16379: checking if /home/hrluo/anaconda3/bin/x86_64-conda-linux-gnu-c++ supports -c -o file.o
configure:16426: result: yes
configure:16456: checking whether the /home/hrluo/anaconda3/bin/x86_64-conda-linux-gnu-c++ linker (/home/hrluo/anaconda3/bin/x86_64-conda-linux-gnu-ld -m elf_x86_64) supports shared libraries
configure:16499: result: yes
configure:16640: checking dynamic linker characteristics
configure:17397: result: GNU/Linux ld.so
configure:17462: checking how to hardcode library paths into programs
configure:17487: result: immediate
configure:17698: checking whether /home/hrluo/anaconda3/bin/x86_64-conda-linux-gnu-c++ supports C++11 features with -std=c++11
configure:17996: /home/hrluo/anaconda3/bin/x86_64-conda-linux-gnu-c++ -std=c++11 -c  -D_OPENMPI -Wall -pipe -g -O3 -std=c++0x -DNOR -DNDEBUG -D_FORTIFY_SOURCE=2 -O2 -isystem /home/hrluo/anaconda3/include conftest.cpp >&5
configure:17996: $? = 0
configure:18005: result: yes
configure:18045: checking for stdbool.h that conforms to C99
configure:18112: /home/hrluo/anaconda3/bin/x86_64-conda-linux-gnu-c++ -std=c++11 -c  -D_OPENMPI -Wall -pipe -g -O3 -std=c++0x -DNOR -DNDEBUG -D_FORTIFY_SOURCE=2 -O2 -isystem /home/hrluo/anaconda3/include conftest.cpp >&5
conftest.cpp:28:15: error: expected unqualified-id before string constant
   28 |               "error: bool is not defined"
      |               ^~~~~~~~~~~~~~~~~~~~~~~~~~~~
conftest.cpp:46:48: error: 's' does not name a type
   46 |              struct s { _Bool s: 1; _Bool t; } s;
      |                                                ^
conftest.cpp:56:28: error: 's' was not declared in this scope
   56 |              char i[sizeof s.t];
      |                            ^
conftest.cpp: In function 'int main()':
conftest.cpp:74:24: error: 's' was not declared in this scope
   74 |              bool e = &s;
      |                        ^
conftest.cpp:78:63: error: 'i' was not declared in this scope
   78 |              return (!a + !b + !c + !d + !e + !f + !g + !h + !i + !!j + !k + !!l
      |                                                               ^
conftest.cpp:79:25: warning: enum constant in boolean context [-Wint-in-bool-context]
   79 |                      + !m + !n + !o + !p + !q + !pq);
      |                         ^
configure:18112: $? = 1
configure: failed program was:
| /* confdefs.h */
| #define PACKAGE_NAME "openbt"
| #define PACKAGE_TARNAME "openbt"
| #define PACKAGE_VERSION "current-1-gc5c1c64"
| #define PACKAGE_STRING "openbt current-1-gc5c1c64"
| #define PACKAGE_BUGREPORT "mpratola@gmail.com"
| #define PACKAGE_URL ""
| #define PACKAGE "openbt"
| #define VERSION "current-1-gc5c1c64"
| #define HAVE_MPI 1
| #define HAVE_MPI 1
| #define HAVE_SYS_TYPES_H 1
| #define HAVE_SYS_STAT_H 1
| #define HAVE_STDLIB_H 1
| #define HAVE_STRING_H 1
| #define HAVE_MEMORY_H 1
| #define HAVE_STRINGS_H 1
| #define HAVE_INTTYPES_H 1
| #define HAVE_STDINT_H 1
| #define HAVE_UNISTD_H 1
| #define HAVE_DLFCN_H 1
| #define LT_OBJDIR ".libs/"
| #define HAVE_CXX11 1
| /* end confdefs.h.  */
| 
|              #include <stdbool.h>
|              #ifndef bool
|               "error: bool is not defined"
|              #endif
|              #ifndef false
|               "error: false is not defined"
|              #endif
|              #if false
|               "error: false is not 0"
|              #endif
|              #ifndef true
|               "error: true is not defined"
|              #endif
|              #if true != 1
|               "error: true is not 1"
|              #endif
|              #ifndef __bool_true_false_are_defined
|               "error: __bool_true_false_are_defined is not defined"
|              #endif
| 
|              struct s { _Bool s: 1; _Bool t; } s;
| 
|              char a[true == 1 ? 1 : -1];
|              char b[false == 0 ? 1 : -1];
|              char c[__bool_true_false_are_defined == 1 ? 1 : -1];
|              char d[(bool) 0.5 == true ? 1 : -1];
|              /* See body of main program for 'e'.  */
|              char f[(_Bool) 0.0 == false ? 1 : -1];
|              char g[true];
|              char h[sizeof (_Bool)];
|              char i[sizeof s.t];
|              enum { j = false, k = true, l = false * true, m = true * 256 };
|              /* The following fails for
|                 HP aC++/ANSI C B3910B A.05.55 [Dec 04 2003]. */
|              _Bool n[m];
|              char o[sizeof n == m * sizeof n[0] ? 1 : -1];
|              char p[-1 - (_Bool) 0 < 0 && -1 - (bool) 0 < 0 ? 1 : -1];
|              /* Catch a bug in an HP-UX C compiler.  See
|                 http://gcc.gnu.org/ml/gcc-patches/2003-12/msg02303.html
|                 http://lists.gnu.org/archive/html/bug-coreutils/2005-11/msg00161.html
|               */
|              _Bool q = true;
|              _Bool *pq = &q;
| 
| int
| main ()
| {
| 
|              bool e = &s;
|              *pq |= q;
|              *pq |= ! q;
|              /* Refer to every declared value, to avoid compiler optimizations.  */
|              return (!a + !b + !c + !d + !e + !f + !g + !h + !i + !!j + !k + !!l
|                      + !m + !n + !o + !p + !q + !pq);
| 
|   ;
|   return 0;
| }
configure:18119: result: no
configure:18121: checking for _Bool
configure:18121: /home/hrluo/anaconda3/bin/x86_64-conda-linux-gnu-c++ -std=c++11 -c  -D_OPENMPI -Wall -pipe -g -O3 -std=c++0x -DNOR -DNDEBUG -D_FORTIFY_SOURCE=2 -O2 -isystem /home/hrluo/anaconda3/include conftest.cpp >&5
conftest.cpp: In function 'int main()':
conftest.cpp:61:13: error: '_Bool' was not declared in this scope
   61 | if (sizeof (_Bool))
      |             ^~~~~
configure:18121: $? = 1
configure: failed program was:
| /* confdefs.h */
| #define PACKAGE_NAME "openbt"
| #define PACKAGE_TARNAME "openbt"
| #define PACKAGE_VERSION "current-1-gc5c1c64"
| #define PACKAGE_STRING "openbt current-1-gc5c1c64"
| #define PACKAGE_BUGREPORT "mpratola@gmail.com"
| #define PACKAGE_URL ""
| #define PACKAGE "openbt"
| #define VERSION "current-1-gc5c1c64"
| #define HAVE_MPI 1
| #define HAVE_MPI 1
| #define HAVE_SYS_TYPES_H 1
| #define HAVE_SYS_STAT_H 1
| #define HAVE_STDLIB_H 1
| #define HAVE_STRING_H 1
| #define HAVE_MEMORY_H 1
| #define HAVE_STRINGS_H 1
| #define HAVE_INTTYPES_H 1
| #define HAVE_STDINT_H 1
| #define HAVE_UNISTD_H 1
| #define HAVE_DLFCN_H 1
| #define LT_OBJDIR ".libs/"
| #define HAVE_CXX11 1
| /* end confdefs.h.  */
| #include <stdio.h>
| #ifdef HAVE_SYS_TYPES_H
| # include <sys/types.h>
| #endif
| #ifdef HAVE_SYS_STAT_H
| # include <sys/stat.h>
| #endif
| #ifdef STDC_HEADERS
| # include <stdlib.h>
| # include <stddef.h>
| #else
| # ifdef HAVE_STDLIB_H
| #  include <stdlib.h>
| # endif
| #endif
| #ifdef HAVE_STRING_H
| # if !defined STDC_HEADERS && defined HAVE_MEMORY_H
| #  include <memory.h>
| # endif
| # include <string.h>
| #endif
| #ifdef HAVE_STRINGS_H
| # include <strings.h>
| #endif
| #ifdef HAVE_INTTYPES_H
| # include <inttypes.h>
| #endif
| #ifdef HAVE_STDINT_H
| # include <stdint.h>
| #endif
| #ifdef HAVE_UNISTD_H
| # include <unistd.h>
| #endif
| int
| main ()
| {
| if (sizeof (_Bool))
| 	 return 0;
|   ;
|   return 0;
| }
configure:18121: result: no
configure:18132: checking for size_t
configure:18132: /home/hrluo/anaconda3/bin/x86_64-conda-linux-gnu-c++ -std=c++11 -c  -D_OPENMPI -Wall -pipe -g -O3 -std=c++0x -DNOR -DNDEBUG -D_FORTIFY_SOURCE=2 -O2 -isystem /home/hrluo/anaconda3/include conftest.cpp >&5
configure:18132: $? = 0
configure:18132: /home/hrluo/anaconda3/bin/x86_64-conda-linux-gnu-c++ -std=c++11 -c  -D_OPENMPI -Wall -pipe -g -O3 -std=c++0x -DNOR -DNDEBUG -D_FORTIFY_SOURCE=2 -O2 -isystem /home/hrluo/anaconda3/include conftest.cpp >&5
conftest.cpp: In function 'int main()':
conftest.cpp:61:20: error: expected primary-expression before ')' token
   61 | if (sizeof ((size_t)))
      |                    ^
configure:18132: $? = 1
configure: failed program was:
| /* confdefs.h */
| #define PACKAGE_NAME "openbt"
| #define PACKAGE_TARNAME "openbt"
| #define PACKAGE_VERSION "current-1-gc5c1c64"
| #define PACKAGE_STRING "openbt current-1-gc5c1c64"
| #define PACKAGE_BUGREPORT "mpratola@gmail.com"
| #define PACKAGE_URL ""
| #define PACKAGE "openbt"
| #define VERSION "current-1-gc5c1c64"
| #define HAVE_MPI 1
| #define HAVE_MPI 1
| #define HAVE_SYS_TYPES_H 1
| #define HAVE_SYS_STAT_H 1
| #define HAVE_STDLIB_H 1
| #define HAVE_STRING_H 1
| #define HAVE_MEMORY_H 1
| #define HAVE_STRINGS_H 1
| #define HAVE_INTTYPES_H 1
| #define HAVE_STDINT_H 1
| #define HAVE_UNISTD_H 1
| #define HAVE_DLFCN_H 1
| #define LT_OBJDIR ".libs/"
| #define HAVE_CXX11 1
| /* end confdefs.h.  */
| #include <stdio.h>
| #ifdef HAVE_SYS_TYPES_H
| # include <sys/types.h>
| #endif
| #ifdef HAVE_SYS_STAT_H
| # include <sys/stat.h>
| #endif
| #ifdef STDC_HEADERS
| # include <stdlib.h>
| # include <stddef.h>
| #else
| # ifdef HAVE_STDLIB_H
| #  include <stdlib.h>
| # endif
| #endif
| #ifdef HAVE_STRING_H
| # if !defined STDC_HEADERS && defined HAVE_MEMORY_H
| #  include <memory.h>
| # endif
| # include <string.h>
| #endif
| #ifdef HAVE_STRINGS_H
| # include <strings.h>
| #endif
| #ifdef HAVE_INTTYPES_H
| # include <inttypes.h>
| #endif
| #ifdef HAVE_STDINT_H
| # include <stdint.h>
| #endif
| #ifdef HAVE_UNISTD_H
| # include <unistd.h>
| #endif
| int
| main ()
| {
| if (sizeof ((size_t)))
| 	    return 0;
|   ;
|   return 0;
| }
configure:18132: result: yes
configure:18147: checking for floor
configure:18147: /home/hrluo/anaconda3/bin/x86_64-conda-linux-gnu-c++ -std=c++11 -o conftest  -D_OPENMPI -Wall -pipe -g -O3 -std=c++0x -DNOR -DNDEBUG -D_FORTIFY_SOURCE=2 -O2 -isystem /home/hrluo/anaconda3/include -Wl,-O2 -Wl,--sort-common -Wl,--as-needed -Wl,-z,relro -Wl,-z,now -Wl,--disable-new-dtags -Wl,--gc-sections -Wl,-rpath,/home/hrluo/anaconda3/lib -Wl,-rpath-link,/home/hrluo/anaconda3/lib -L/home/hrluo/anaconda3/lib conftest.cpp -lmpi  >&5
conftest.cpp:48:6: warning: declaration of 'char floor()' conflicts with built-in declaration 'double floor(double)' [-Wbuiltin-declaration-mismatch]
   48 | char floor ();
      |      ^~~~~
configure:18147: $? = 0
configure:18147: result: yes
configure:18147: checking for pow
configure:18147: /home/hrluo/anaconda3/bin/x86_64-conda-linux-gnu-c++ -std=c++11 -o conftest  -D_OPENMPI -Wall -pipe -g -O3 -std=c++0x -DNOR -DNDEBUG -D_FORTIFY_SOURCE=2 -O2 -isystem /home/hrluo/anaconda3/include -Wl,-O2 -Wl,--sort-common -Wl,--as-needed -Wl,-z,relro -Wl,-z,now -Wl,--disable-new-dtags -Wl,--gc-sections -Wl,-rpath,/home/hrluo/anaconda3/lib -Wl,-rpath-link,/home/hrluo/anaconda3/lib -L/home/hrluo/anaconda3/lib conftest.cpp -lmpi  >&5
conftest.cpp:49:6: warning: declaration of 'char pow()' conflicts with built-in declaration 'double pow(double, double)' [-Wbuiltin-declaration-mismatch]
   49 | char pow ();
      |      ^~~
configure:18147: $? = 0
configure:18147: result: yes
configure:18147: checking for sqrt
configure:18147: /home/hrluo/anaconda3/bin/x86_64-conda-linux-gnu-c++ -std=c++11 -o conftest  -D_OPENMPI -Wall -pipe -g -O3 -std=c++0x -DNOR -DNDEBUG -D_FORTIFY_SOURCE=2 -O2 -isystem /home/hrluo/anaconda3/include -Wl,-O2 -Wl,--sort-common -Wl,--as-needed -Wl,-z,relro -Wl,-z,now -Wl,--disable-new-dtags -Wl,--gc-sections -Wl,-rpath,/home/hrluo/anaconda3/lib -Wl,-rpath-link,/home/hrluo/anaconda3/lib -L/home/hrluo/anaconda3/lib conftest.cpp -lmpi  >&5
conftest.cpp:50:6: warning: declaration of 'char sqrt()' conflicts with built-in declaration 'double sqrt(double)' [-Wbuiltin-declaration-mismatch]
   50 | char sqrt ();
      |      ^~~~
configure:18147: $? = 0
configure:18147: result: yes
configure:18297: checking that generated files are newer than configure
configure:18303: result: done
configure:18338: creating ./config.status

## ---------------------- ##
## Running config.status. ##
## ---------------------- ##

This file was extended by openbt config.status current-1-gc5c1c64, which was
generated by GNU Autoconf 2.69.  Invocation command line was

  CONFIG_FILES    = 
  CONFIG_HEADERS  = 
  CONFIG_LINKS    = 
  CONFIG_COMMANDS = 
  $ ./config.status 

on hrluo-ThinkPad

config.status:1076: creating Makefile
config.status:1248: executing depfiles commands
config.status:1325: cd .       && sed -e '/# am--include-marker/d' Makefile         | make -f - am--depfiles
config.status:1330: $? = 0
config.status:1248: executing libtool commands

## ---------------- ##
## Cache variables. ##
## ---------------- ##

ac_cv_build=x86_64-conda-linux-gnu
ac_cv_c_compiler_gnu=yes
ac_cv_cxx_compiler_gnu=yes
ac_cv_env_CCC_set=
ac_cv_env_CCC_value=
ac_cv_env_CC_set=set
ac_cv_env_CC_value=/home/hrluo/anaconda3/bin/x86_64-conda-linux-gnu-cc
ac_cv_env_CFLAGS_set=set
ac_cv_env_CFLAGS_value='-march=nocona -mtune=haswell -ftree-vectorize -fPIC -fstack-protector-strong -fno-plt -O2 -ffunction-sections -pipe -isystem /home/hrluo/anaconda3/include'
ac_cv_env_CPPFLAGS_set=set
ac_cv_env_CPPFLAGS_value='-DNDEBUG -D_FORTIFY_SOURCE=2 -O2 -isystem /home/hrluo/anaconda3/include'
ac_cv_env_CPP_set=set
ac_cv_env_CPP_value=/home/hrluo/anaconda3/bin/x86_64-conda-linux-gnu-cpp
ac_cv_env_CXXCPP_set=
ac_cv_env_CXXCPP_value=
ac_cv_env_CXXFLAGS_set=set
ac_cv_env_CXXFLAGS_value='-fvisibility-inlines-hidden -std=c++17 -fmessage-length=0 -march=nocona -mtune=haswell -ftree-vectorize -fPIC -fstack-protector-strong -fno-plt -O2 -ffunction-sections -pipe -isystem /home/hrluo/anaconda3/include'
ac_cv_env_CXX_set=set
ac_cv_env_CXX_value=/home/hrluo/anaconda3/bin/x86_64-conda-linux-gnu-c++
ac_cv_env_LDFLAGS_set=set
ac_cv_env_LDFLAGS_value='-Wl,-O2 -Wl,--sort-common -Wl,--as-needed -Wl,-z,relro -Wl,-z,now -Wl,--disable-new-dtags -Wl,--gc-sections -Wl,-rpath,/home/hrluo/anaconda3/lib -Wl,-rpath-link,/home/hrluo/anaconda3/lib -L/home/hrluo/anaconda3/lib'
ac_cv_env_LIBS_set=
ac_cv_env_LIBS_value=
ac_cv_env_LT_SYS_LIBRARY_PATH_set=
ac_cv_env_LT_SYS_LIBRARY_PATH_value=
ac_cv_env_MPICC_set=
ac_cv_env_MPICC_value=
ac_cv_env_MPICXX_set=
ac_cv_env_MPICXX_value=
ac_cv_env_build_alias_set=set
ac_cv_env_build_alias_value=x86_64-conda-linux-gnu
ac_cv_env_host_alias_set=set
ac_cv_env_host_alias_value=x86_64-conda-linux-gnu
ac_cv_env_target_alias_set=
ac_cv_env_target_alias_value=
ac_cv_func_floor=yes
ac_cv_func_pow=yes
ac_cv_func_sqrt=yes
ac_cv_header_dlfcn_h=yes
ac_cv_header_inttypes_h=yes
ac_cv_header_memory_h=yes
ac_cv_header_stdbool_h=no
ac_cv_header_stdc=no
ac_cv_header_stdint_h=yes
ac_cv_header_stdlib_h=yes
ac_cv_header_string_h=yes
ac_cv_header_strings_h=yes
ac_cv_header_sys_stat_h=yes
ac_cv_header_sys_types_h=yes
ac_cv_header_unistd_h=yes
ac_cv_host=x86_64-conda-linux-gnu
ac_cv_objext=o
ac_cv_path_EGREP='/usr/bin/grep -E'
ac_cv_path_FGREP='/usr/bin/grep -F'
ac_cv_path_GREP=/usr/bin/grep
ac_cv_path_SED=/usr/bin/sed
ac_cv_path_install='/usr/bin/install -c'
ac_cv_path_lt_DD=/usr/bin/dd
ac_cv_path_mkdir=/usr/bin/mkdir
ac_cv_prog_AR=/home/hrluo/anaconda3/bin/x86_64-conda-linux-gnu-ar
ac_cv_prog_AWK=mawk
ac_cv_prog_CC=/home/hrluo/anaconda3/bin/x86_64-conda-linux-gnu-cc
ac_cv_prog_CPP=/home/hrluo/anaconda3/bin/x86_64-conda-linux-gnu-cpp
ac_cv_prog_CXX=/home/hrluo/anaconda3/bin/x86_64-conda-linux-gnu-c++
ac_cv_prog_CXXCPP='/home/hrluo/anaconda3/bin/x86_64-conda-linux-gnu-c++ -E'
ac_cv_prog_OBJDUMP=/home/hrluo/anaconda3/bin/x86_64-conda-linux-gnu-objdump
ac_cv_prog_RANLIB=/home/hrluo/anaconda3/bin/x86_64-conda-linux-gnu-ranlib
ac_cv_prog_STRIP=/home/hrluo/anaconda3/bin/x86_64-conda-linux-gnu-strip
ac_cv_prog_ac_ct_MANIFEST_TOOL=mt
ac_cv_prog_cc_c89=
ac_cv_prog_cc_g=yes
ac_cv_prog_cxx_g=yes
ac_cv_prog_make_make_set=yes
ac_cv_type__Bool=no
ac_cv_type_size_t=yes
am_cv_CC_dependencies_compiler_type=gcc3
am_cv_CXX_dependencies_compiler_type=gcc3
am_cv_make_support_nested_variables=yes
am_cv_prog_cc_c_o=yes
ax_cv_cxx_compile_cxx11__std_cpp11=yes
lt_cv_ar_at_file=@
lt_cv_archive_cmds_need_lc=no
lt_cv_deplibs_check_method=pass_all
lt_cv_file_magic_cmd='$MAGIC_CMD'
lt_cv_file_magic_test_file=
lt_cv_ld_reload_flag=-r
lt_cv_nm_interface='BSD nm'
lt_cv_objdir=.libs
lt_cv_path_LD=/home/hrluo/anaconda3/bin/x86_64-conda-linux-gnu-ld
lt_cv_path_LDCXX='/home/hrluo/anaconda3/bin/x86_64-conda-linux-gnu-ld -m elf_x86_64'
lt_cv_path_NM=/home/hrluo/anaconda3/bin/x86_64-conda-linux-gnu-nm
lt_cv_path_mainfest_tool=no
lt_cv_prog_compiler_c_o=yes
lt_cv_prog_compiler_c_o_CXX=yes
lt_cv_prog_compiler_pic='-fPIC -DPIC'
lt_cv_prog_compiler_pic_CXX='-fPIC -DPIC'
lt_cv_prog_compiler_pic_works=yes
lt_cv_prog_compiler_pic_works_CXX=yes
lt_cv_prog_compiler_rtti_exceptions=no
lt_cv_prog_compiler_static_works=no
lt_cv_prog_compiler_static_works_CXX=no
lt_cv_prog_gnu_ld=yes
lt_cv_prog_gnu_ldcxx=yes
lt_cv_sharedlib_from_linklib_cmd='printf %s\n'
lt_cv_shlibpath_overrides_runpath=no
lt_cv_sys_global_symbol_pipe='sed -n -e '\''s/^.*[	 ]\([ABCDGIRSTW][ABCDGIRSTW]*\)[	 ][	 ]*\([_A-Za-z][_A-Za-z0-9]*\)$/\1 \2 \2/p'\'' | sed '\''/ __gnu_lto/d'\'''
lt_cv_sys_global_symbol_to_c_name_address='sed -n -e '\''s/^: \(.*\) .*$/  {"\1", (void *) 0},/p'\'' -e '\''s/^[ABCDGIRSTW][ABCDGIRSTW]* .* \(.*\)$/  {"\1", (void *) \&\1},/p'\'''
lt_cv_sys_global_symbol_to_c_name_address_lib_prefix='sed -n -e '\''s/^: \(.*\) .*$/  {"\1", (void *) 0},/p'\'' -e '\''s/^[ABCDGIRSTW][ABCDGIRSTW]* .* \(lib.*\)$/  {"\1", (void *) \&\1},/p'\'' -e '\''s/^[ABCDGIRSTW][ABCDGIRSTW]* .* \(.*\)$/  {"lib\1", (void *) \&\1},/p'\'''
lt_cv_sys_global_symbol_to_cdecl='sed -n -e '\''s/^T .* \(.*\)$/extern int \1();/p'\'' -e '\''s/^[ABCDGIRSTW][ABCDGIRSTW]* .* \(.*\)$/extern char \1;/p'\'''
lt_cv_sys_global_symbol_to_import=
lt_cv_sys_max_cmd_len=1572864
lt_cv_to_host_file_cmd=func_convert_file_noop
lt_cv_to_tool_file_cmd=func_convert_file_noop
lt_cv_truncate_bin='/usr/bin/dd bs=4096 count=1'

## ----------------- ##
## Output variables. ##
## ----------------- ##

ACLOCAL='${SHELL} /home/hrluo/Dropbox/mpratola/openBT_new/missing aclocal-1.16'
AMDEPBACKSLASH='\'
AMDEP_FALSE='#'
AMDEP_TRUE=''
AMTAR='$${TAR-tar}'
AM_BACKSLASH='\'
AM_DEFAULT_V='$(AM_DEFAULT_VERBOSITY)'
AM_DEFAULT_VERBOSITY='1'
AM_V='$(V)'
AR='/home/hrluo/anaconda3/bin/x86_64-conda-linux-gnu-ar'
AUTOCONF='${SHELL} /home/hrluo/Dropbox/mpratola/openBT_new/missing autoconf'
AUTOHEADER='${SHELL} /home/hrluo/Dropbox/mpratola/openBT_new/missing autoheader'
AUTOMAKE='${SHELL} /home/hrluo/Dropbox/mpratola/openBT_new/missing automake-1.16'
AWK='mawk'
CC='/home/hrluo/anaconda3/bin/x86_64-conda-linux-gnu-cc'
CCDEPMODE='depmode=gcc3'
CFLAGS='-march=nocona -mtune=haswell -ftree-vectorize -fPIC -fstack-protector-strong -fno-plt -O2 -ffunction-sections -pipe -isystem /home/hrluo/anaconda3/include'
CPP='/home/hrluo/anaconda3/bin/x86_64-conda-linux-gnu-cpp'
CPPFLAGS='-DNDEBUG -D_FORTIFY_SOURCE=2 -O2 -isystem /home/hrluo/anaconda3/include'
CXX='/home/hrluo/anaconda3/bin/x86_64-conda-linux-gnu-c++ -std=c++11'
CXXCPP='/home/hrluo/anaconda3/bin/x86_64-conda-linux-gnu-c++ -E -std=c++11'
CXXDEPMODE='depmode=gcc3'
CXXFLAGS=' -D_OPENMPI -Wall -pipe -g -O3 -std=c++0x -DNOR'
CYGPATH_W='echo'
DEFS='-DPACKAGE_NAME=\"openbt\" -DPACKAGE_TARNAME=\"openbt\" -DPACKAGE_VERSION=\"current-1-gc5c1c64\" -DPACKAGE_STRING=\"openbt\ current-1-gc5c1c64\" -DPACKAGE_BUGREPORT=\"mpratola@gmail.com\" -DPACKAGE_URL=\"\" -DPACKAGE=\"openbt\" -DVERSION=\"current-1-gc5c1c64\" -DHAVE_MPI=1 -DHAVE_MPI=1 -DHAVE_SYS_TYPES_H=1 -DHAVE_SYS_STAT_H=1 -DHAVE_STDLIB_H=1 -DHAVE_STRING_H=1 -DHAVE_MEMORY_H=1 -DHAVE_STRINGS_H=1 -DHAVE_INTTYPES_H=1 -DHAVE_STDINT_H=1 -DHAVE_UNISTD_H=1 -DHAVE_DLFCN_H=1 -DLT_OBJDIR=\".libs/\" -DHAVE_CXX11=1 -DHAVE_FLOOR=1 -DHAVE_POW=1 -DHAVE_SQRT=1'
DEPDIR='.deps'
DLLTOOL='false'
DSYMUTIL=''
DUMPBIN=''
ECHO_C=''
ECHO_N='-n'
ECHO_T=''
EGREP='/usr/bin/grep -E'
EXEEXT=''
FGREP='/usr/bin/grep -F'
GREP='/usr/bin/grep'
HAVE_CXX11='1'
INSTALL_DATA='${INSTALL} -m 644'
INSTALL_PROGRAM='${INSTALL}'
INSTALL_SCRIPT='${INSTALL}'
INSTALL_STRIP_PROGRAM='$(install_sh) -c -s'
LD='/home/hrluo/anaconda3/bin/x86_64-conda-linux-gnu-ld -m elf_x86_64'
LDFLAGS='-Wl,-O2 -Wl,--sort-common -Wl,--as-needed -Wl,-z,relro -Wl,-z,now -Wl,--disable-new-dtags -Wl,--gc-sections -Wl,-rpath,/home/hrluo/anaconda3/lib -Wl,-rpath-link,/home/hrluo/anaconda3/lib -L/home/hrluo/anaconda3/lib'
LIBOBJS=''
LIBS='-lmpi '
LIBTOOL='$(SHELL) $(top_builddir)/libtool'
LIPO=''
LN_S='ln -s'
LTLIBOBJS=''
LT_SYS_LIBRARY_PATH=''
MAKEINFO='${SHELL} /home/hrluo/Dropbox/mpratola/openBT_new/missing makeinfo'
MANIFEST_TOOL=':'
MKDIR_P='/usr/bin/mkdir -p'
MPICC=''
MPICXX=''
NM='/home/hrluo/anaconda3/bin/x86_64-conda-linux-gnu-nm'
NMEDIT=''
OBJDUMP='/home/hrluo/anaconda3/bin/x86_64-conda-linux-gnu-objdump'
OBJEXT='o'
OPENMP_CXXFLAGS=''
OTOOL64=''
OTOOL=''
PACKAGE='openbt'
PACKAGE_BUGREPORT='mpratola@gmail.com'
PACKAGE_NAME='openbt'
PACKAGE_STRING='openbt current-1-gc5c1c64'
PACKAGE_TARNAME='openbt'
PACKAGE_URL=''
PACKAGE_VERSION='current-1-gc5c1c64'
PATH_SEPARATOR=':'
RANLIB='/home/hrluo/anaconda3/bin/x86_64-conda-linux-gnu-ranlib'
SED='/usr/bin/sed'
SET_MAKE=''
SHELL='/bin/bash'
STRIP='/home/hrluo/anaconda3/bin/x86_64-conda-linux-gnu-strip'
VERSION='current-1-gc5c1c64'
ac_ct_AR=''
ac_ct_CC=''
ac_ct_CXX=''
ac_ct_DUMPBIN=''
am__EXEEXT_FALSE=''
am__EXEEXT_TRUE='#'
am__fastdepCC_FALSE='#'
am__fastdepCC_TRUE=''
am__fastdepCXX_FALSE='#'
am__fastdepCXX_TRUE=''
am__include='include'
am__isrc=''
am__leading_dot='.'
am__nodep='_no'
am__quote=''
am__tar='$${TAR-tar} chof - "$$tardir"'
am__untar='$${TAR-tar} xf -'
bindir='${exec_prefix}/bin'
build='x86_64-conda-linux-gnu'
build_alias='x86_64-conda-linux-gnu'
build_cpu='x86_64'
build_os='linux-gnu'
build_vendor='conda'
datadir='${datarootdir}'
datarootdir='${prefix}/share'
docdir='${datarootdir}/doc/${PACKAGE_TARNAME}'
dvidir='${docdir}'
exec_prefix='${prefix}'
host='x86_64-conda-linux-gnu'
host_alias='x86_64-conda-linux-gnu'
host_cpu='x86_64'
host_os='linux-gnu'
host_vendor='conda'
htmldir='${docdir}'
includedir='${prefix}/include'
infodir='${datarootdir}/info'
install_sh='${SHELL} /home/hrluo/Dropbox/mpratola/openBT_new/install-sh'
libdir='${exec_prefix}/lib'
libexecdir='${exec_prefix}/libexec'
localedir='${datarootdir}/locale'
localstatedir='${prefix}/var'
mandir='${datarootdir}/man'
mkdir_p='$(MKDIR_P)'
oldincludedir='/usr/include'
pdfdir='${docdir}'
prefix='/usr/local'
program_transform_name='s,x,x,'
psdir='${docdir}'
runstatedir='${localstatedir}/run'
sbindir='${exec_prefix}/sbin'
sharedstatedir='${prefix}/com'
sysconfdir='${prefix}/etc'
target_alias=''

## ----------- ##
## confdefs.h. ##
## ----------- ##

/* confdefs.h */
#define PACKAGE_NAME "openbt"
#define PACKAGE_TARNAME "openbt"
#define PACKAGE_VERSION "current-1-gc5c1c64"
#define PACKAGE_STRING "openbt current-1-gc5c1c64"
#define PACKAGE_BUGREPORT "mpratola@gmail.com"
#define PACKAGE_URL ""
#define PACKAGE "openbt"
#define VERSION "current-1-gc5c1c64"
#define HAVE_MPI 1
#define HAVE_MPI 1
#define HAVE_SYS_TYPES_H 1
#define HAVE_SYS_STAT_H 1
#define HAVE_STDLIB_H 1
#define HAVE_STRING_H 1
#define HAVE_MEMORY_H 1
#define HAVE_STRINGS_H 1
#define HAVE_INTTYPES_H 1
#define HAVE_STDINT_H 1
#define HAVE_UNISTD_H 1
#define HAVE_DLFCN_H 1
#define LT_OBJDIR ".libs/"
#define HAVE_CXX11 1
#define HAVE_FLOOR 1
#define HAVE_POW 1
#define HAVE_SQRT 1

configure: exit 0
